-------------------------------------------------------------------------------
Test set: LoginDDT
-------------------------------------------------------------------------------
Tests run: 2, Failures: 1, Errors: 0, Skipped: 0, Time elapsed: 40.191 s <<< FAILURE! - in LoginDDT
LoginDDT.Login Data Driven #2  Time elapsed: 27.049 s  <<< FAILURE!
java.lang.AssertionError

